********************************************************************************
DUPLICATOR-LITE PACKAGE-LOG: December 7, 2022 2:36 am
NOTICE: Do NOT post to public sites or forums 
********************************************************************************
VERSION:	1.5.1
WORDPRESS:	6.1.1
PHP INFO:	8.1.12 | SAPI: apache2handler
SERVER:		Apache/2.4.54 (Win64) OpenSSL/1.1.1p PHP/8.1.12 
PHP TIME LIMIT: (0) no time limit imposed 
PHP MAX MEMORY: 4294967296 (512M default) 
MEMORY STACK: 40MB

********************************************************************************
DATABASE:
********************************************************************************
BUILD MODE:   MYSQLDUMP
MYSQLTIMEOUT: 5000
MYSQLDUMP:    Is Supported
SQL CREATED: 20221207_amazonclone_ba31fc009bf035116412_20221207023639_database.sql
SQL FILE SIZE: 1.2MB (1253260)
SQL FILE TIME: 2022-12-07 02:37:00
SQL RUNTIME: 3.82 sec.

********************************************************************************
ARCHIVE (ZIP):
********************************************************************************
ARCHIVE DIR:  C:/xampp/htdocs/wordpress
ARCHIVE FILE: 20221207_amazonclone_ba31fc009bf035116412_20221207023639_archive.zip
FILTERS: *OFF*
DIRS:
	not set
FILES:
	not set
EXTS:  not set
----------------------------------------
COMPRESSING
SIZE:	95.28MB
STATS:	Dirs 803 | Files 4,394
SQL ADDED: 20221207_amazonclone_ba31fc009bf035116412_20221207023639_database.sql
ZipArchive Object
(
    [lastId] => 5196
    [status] => 0
    [statusSys] => 0
    [numFiles] => 5197
    [filename] => C:\xampp\htdocs\wordpress\wp-content\backups-dup-lite\tmp\20221207_amazonclone_ba31fc009bf035116412_20221207023639_archive.zip
    [comment] => 
)

FILE ADDED TO ZIP: 5196
COMPRESSION RESULT: '1'
COMPRESSED SIZE: 33.24MB
ARCHIVE RUNTIME: 79.37 sec.
MEMORY STACK: 42MB
building installer
ARCHIVE CONSISTENCY TEST: PASS

********************************************************************************
INTEGRITY CHECKS:
********************************************************************************
SQL FILE: 1.2MB
INSTALLER FILE: 73.35KB
ARCHIVE FILE: 35.07MB 
EXPECTED FILE/DIRECTORY COUNT: 5,197
ACTUAL FILE/DIRECTORY COUNT: 5,196
ARCHIVE CONSISTENCY TEST: Pass

********************************************************************************
RECORD ID:[1]
TOTAL PROCESS RUNTIME: 85.04 sec.
PEAK PHP MEMORY USED: 44MB
DONE PROCESSING => 20221207_amazonclone December 7, 2022 2:38 am

